build/app/outputs/mapping/release/seeds.txt
com.restobuy.restaurant.MainActivity: MainActivity()
com.restobuy.restaurant.MainActivity
...
com.pichillilorenzo.flutter_inappwebview.R$styleable: int AppCompatSeekBar_tickMarkTint
com.google.android.gms.measurement.internal.AppMeasurementDynamiteService: void setUserProperty(java.lang.String,java.lang.String,com.google.android.gms.dynamic.IObjectWrapper,boolean,long)
com.pichillilorenzo.flutter_inappwebview.R$style: int Base_Animation_AppCompat_DropDownUp
com.pichillilorenzo.flutter_inappwebview.PlatformUtil: void dispose()
com.pichillilorenzo.flutter_inappwebview.in_app_webview.InAppWebView: okhttp3.OkHttpClient httpClient
io.flutter.embedding.engine.FlutterJNI: void setDeferredComponentManager(io.flutter.embedding.engine.deferredcomponents.DeferredComponentManager)
androidx.appcompat.widget.AppCompatEditText: void setCustomSelectionActionModeCallback(android.view.ActionMode$Callback)
com.pichillilorenzo.flutter_inappwebview.R$id: int uniform
androidx.core.content.ContextCompat$Api26Impl: android.content.ComponentName startForegroundService(android.content.Context,android.content.Intent)
androidx.core.content.ContextCompat$Api23Impl: java.lang.String getSystemServiceName(android.content.Context,java.lang.Class)
com.pichillilorenzo.flutter_inappwebview.R$styleable: int[] AnimatedStateListDrawableItem
androidx.swiperefreshlayout.widget.SwipeRefreshLayout: android.view.animation.Animation mAnimateToCorrectPosition
com.dexterous.flutterlocalnotifications.FlutterLocalNotificationsPlugin: void setBigTextStyle(com.dexterous.flutterlocalnotifications.models.NotificationDetails,androidx.core.app.NotificationCompat$Builder)
com.pichillilorenzo.flutter_inappwebview.in_app_webview.InAppWebViewChromeClient: void createPromptDialog(android.webkit.WebView,java.lang.String,java.lang.String,android.webkit.JsPromptResult,java.lang.String,java.lang.String,java.lang.String,java.lang.String,java.lang.String)
io.flutter.plugin.platform.SingleViewPresentation: io.flutter.plugin.platform.AccessibilityEventsDelegate accessibilityEventsDelegate
com.pichillilorenzo.flutter_inappwebview.MyWebStorage$3: com.pichillilorenzo.flutter_inappwebview.MyWebStorage this$0
io.flutter.plugin.editing.ImeSyncDeferringInsetsCallback: int access$500(io.flutter.plugin.editing.ImeSyncDeferringInsetsCallback)
com.pichillilorenzo.flutter_inappwebview.R$color: int material_blue_grey_900
com.pichillilorenzo.flutter_inappwebview.types.NavigationAction: com.pichillilorenzo.flutter_inappwebview.types.URLRequest request
com.pichillilorenzo.flutter_inappwebview.R$string: int abc_activity_chooser_view_see_all
androidx.activity.ComponentActivity: ComponentActivity()
com.pichillilorenzo.flutter_inappwebview.chrome_custom_tabs.ChromeCustomTabsOptions: ChromeCustomTabsOptions()
com.pichillilorenzo.flutter_inappwebview.R$attr: int listMenuViewStyle
com.pichillilorenzo.flutter_inappwebview.chrome_custom_tabs.CustomTabsHelper
com.pichillilorenzo.flutter_inappwebview.R$id: int action_mode_bar
com.pichillilorenzo.flutter_inappwebview.R$style: int Widget_AppCompat_RatingBar_Small
androidx.appcompat.widget.AppCompatSpinner: android.content.Context getPopupContext()
com.google.firebase.components.ComponentDiscoveryService: ComponentDiscoveryService()
com.dexterous.flutterlocalnotifications.utils.BooleanUtils: BooleanUtils()
com.pichillilorenzo.flutter_inappwebview.chrome_custom_tabs.ServiceConnection: ServiceConnection(com.pichillilorenzo.flutter_inappwebview.chrome_custom_tabs.ServiceConnectionCallback)
com.pichillilorenzo.flutter_inappwebview.R$interpolator: int btn_radio_to_off_mtrl_animation_interpolator_0
com.dexterous.flutterlocalnotifications.RepeatInterval: com.dexterous.flutterlocalnotifications.RepeatInterval[] values()
com.pichillilorenzo.flutter_inappwebview.content_blocker.ContentBlockerActionType: com.pichillilorenzo.flutter_inappwebview.content_blocker.ContentBlockerActionType BLOCK
com.pichillilorenzo.flutter_inappwebview.types.URLCredential: void setPassword(java.lang.String)