build/app/outputs/mapping/release/mapping.txt
# compiler: R8
# compiler_version: 2.1.62
# min_api: 21
# pg_map_id: e4cd948
# common_typos_disable
...
com.google.android.gms.measurement.internal.zzao -> com.google.android.gms.measurement.internal.p:
    com.google.android.gms.measurement.internal.zzar zzf -> f
    long zze -> e
    java.lang.String zza -> a
    long zzd -> d
    java.lang.String zzc -> c
    java.lang.String zzb -> b
    com.google.android.gms.measurement.internal.zzao zza(com.google.android.gms.measurement.internal.zzfv,long) -> a
com.google.android.gms.measurement.internal.zzap -> com.google.android.gms.measurement.internal.q:
    java.lang.Long zzi -> i
    java.lang.Long zzj -> j
    long zzf -> f
    java.lang.Boolean zzk -> k
    long zze -> e
    long zzg -> g
    java.lang.String zza -> a
    long zzd -> d
    long zzc -> c
    java.lang.String zzb -> b
    java.lang.Long zzh -> h
    com.google.android.gms.measurement.internal.zzap zza(java.lang.Long,java.lang.Long,java.lang.Boolean) -> a
    com.google.android.gms.measurement.internal.zzap zzb(long,long) -> b
    com.google.android.gms.measurement.internal.zzap zzc(long) -> c
com.google.android.gms.measurement.internal.zzaq -> com.google.android.gms.measurement.internal.r:
    com.google.android.gms.measurement.internal.zzar zzb -> k
    java.util.Iterator zza -> j
    java.lang.String zza() -> a
com.google.android.gms.measurement.internal.zzar -> com.google.android.gms.measurement.internal.s:
    android.os.Bundle zza -> j
    int zza() -> b
    android.os.Bundle zzb(com.google.android.gms.measurement.internal.zzar) -> e
    android.os.Bundle zzc() -> f
    java.lang.Double zzd(java.lang.String) -> h
    java.lang.Long zze(java.lang.String) -> k
    java.lang.Object zzf(java.lang.String) -> n
    java.lang.String zzg(java.lang.String) -> p
com.google.android.gms.measurement.internal.zzas -> com.google.android.gms.measurement.internal.t:
com.google.android.gms.measurement.internal.zzat -> com.google.android.gms.measurement.internal.u:
    java.lang.String zza -> j
    java.lang.String zzc -> l
    com.google.android.gms.measurement.internal.zzar zzb -> k
    long zzd -> m
com.google.android.gms.measurement.internal.zzau -> com.google.android.gms.measurement.internal.v:
    void zza(com.google.android.gms.measurement.internal.zzat,android.os.Parcel,int) -> a
com.google.android.gms.measurement.internal.zzav -> com.google.android.gms.measurement.internal.w:
    com.google.android.gms.measurement.internal.zzav zza -> a
com.google.android.gms.measurement.internal.zzaw -> com.google.android.gms.measurement.internal.x:
    com.google.android.gms.measurement.internal.zzaw zza -> a
com.google.android.gms.measurement.internal.zzax -> com.google.android.gms.measurement.internal.y:
    com.google.android.gms.measurement.internal.zzax zza -> a
com.google.android.gms.measurement.internal.zzay -> com.google.android.gms.measurement.internal.z:
    com.google.android.gms.measurement.internal.zzay zza -> a
com.google.android.gms.measurement.internal.zzaz -> com.google.android.gms.measurement.internal.a0:
    com.google.android.gms.measurement.internal.zzaz zza -> a
com.google.android.gms.measurement.internal.zzb -> com.google.android.gms.measurement.internal.b0:
    long zzb -> k
    java.lang.String zza -> j
    com.google.android.gms.measurement.internal.zzd zzc -> l
com.google.android.gms.measurement.internal.zzba -> com.google.android.gms.measurement.internal.c0:
    com.google.android.gms.measurement.internal.zzba zza -> a
com.google.android.gms.measurement.internal.zzbb -> com.google.android.gms.measurement.internal.d0:
    com.google.android.gms.measurement.internal.zzbb zza -> a
com.google.android.gms.measurement.internal.zzbc -> com.google.android.gms.measurement.internal.e0:
    com.google.android.gms.measurement.internal.zzbc zza -> a
com.google.android.gms.measurement.internal.zzbd -> com.google.android.gms.measurement.internal.f0:
    com.google.android.gms.measurement.internal.zzbd zza -> a