build/app/outputs/mapping/release/usage.txt
com.restobuy.restaurant.R$styleable
com.restobuy.restaurant.R$id
com.restobuy.restaurant.BuildConfig
com.restobuy.restaurant.R$layout
com.restobuy.restaurant.R$interpolator
com.restobuy.restaurant.R$anim
com.restobuy.restaurant.R$xml
com.restobuy.restaurant.R$string
com.restobuy.restaurant.R$style
com.restobuy.restaurant.R$color
com.restobuy.restaurant.R$dimen
com.restobuy.restaurant.R$drawable
com.restobuy.restaurant.R$bool
com.restobuy.restaurant.R$menu
com.restobuy.restaurant.R$attr
com.restobuy.restaurant.R
com.restobuy.restaurant.R$integer
com.restobuy.restaurant.R$mipmap
...
com.google.firebase.installations.local.IidStore:
    public void <init>(android.content.SharedPreferences,java.lang.String)
    private static final java.lang.String IID_SHARED_PREFS_NAME
    private static final java.lang.String STORE_KEY_PUB
    private static final java.lang.String STORE_KEY_ID
    private static final java.lang.String STORE_KEY_TOKEN
    private static final java.lang.String STORE_KEY_SEPARATOR
    private static final java.lang.String JSON_TOKEN_KEY
    private static final java.lang.String JSON_ENCODED_PREFIX
com.google.android.gms.dynamic.FragmentWrapper
kotlin.comparisons.UComparisonsKt
kotlin.comparisons.ComparisonsKt___ComparisonsJvmKt
com.google.common.util.concurrent.FuturesGetChecked$GetCheckedTypeValidatorHolder$ClassValueValidator
kotlin.collections.ArraysKt___ArraysKt$withIndex$2
kotlin.collections.CollectionsKt__IteratorsJVMKt
androidx.core.widget.ListViewCompat:
    private void <init>()
com.google.android.gms.common.FirstPartyScopes
com.google.common.io.LittleEndianDataOutputStream
androidx.core.view.ViewCompat$FocusRealDirection
com.google.common.base.FinalizableReferenceQueue$SystemLoader
androidx.core.app.JobIntentService$GenericWorkItem
com.google.android.gms.common.config.zza
androidx.browser.browseractions.BrowserActionsIntent$BrowserActionsFallDialogListener
com.google.android.gms.common.internal.GmsLogger
com.google.common.collect.LinkedHashMultimap$ValueSetLink
androidx.core.provider.SelfDestructiveThread$2$1
com.google.j2objc.annotations.WeakOuter
org.intellij.lang.annotations.JdkConstants$TitledBorderTitlePosition
com.google.common.collect.MapMakerInternalMap$1
com.google.common.collect.MapMakerInternalMap$WeakKeyWeakValueSegment
com.google.common.collect.MapMakerInternalMap$HashIterator
io.flutter.plugins.firebase.messaging.R$drawable
okhttp3.Call:
    public abstract okhttp3.Request request()
    public abstract void enqueue(okhttp3.Callback)
    public abstract void cancel()
    public abstract boolean isExecuted()
    public abstract boolean isCanceled()
    public abstract okio.Timeout timeout()
    public abstract okhttp3.Call clone()
com.google.common.reflect.TypeToInstanceMap
com.google.common.util.concurrent.CycleDetectingLockFactory$Policy
androidx.core.view.WindowInsetsControllerCompat$Impl26:
    public boolean isAppearanceLightNavigationBars()
com.google.android.gms.common.internal.zzw
com.google.android.gms.tasks.zza
androidx.appcompat.widget.AppCompatSeekBarHelper:
    android.graphics.drawable.Drawable getTickMark()
    void setTickMarkTintList(android.content.res.ColorStateList)
    android.content.res.ColorStateList getTickMarkTintList()
    void setTickMarkTintMode(android.graphics.PorterDuff$Mode)
    android.graphics.PorterDuff$Mode getTickMarkTintMode()
kotlin.ExceptionsKt__ExceptionsKt:
    private static final void printStackTrace(java.lang.Throwable)
    private static final void printStackTrace(java.lang.Throwable,java.io.PrintWriter)
    private static final void printStackTrace(java.lang.Throwable,java.io.PrintStream)
    public static final java.lang.StackTraceElement[] getStackTrace(java.lang.Throwable)
    public static synthetic void getStackTrace$annotations(java.lang.Throwable)
    public static final java.lang.String stackTraceToString(java.lang.Throwable)
    public static final java.util.List getSuppressedExceptions(java.lang.Throwable)
    public static synthetic void getSuppressedExceptions$annotations(java.lang.Throwable)
    public void <init>()
android.support.customtabs.trusted.ITrustedWebActivityCallback$Stub